number,value,datetime_start,datetime_complete,duration,params_ent_coef,params_gae_lambda,params_gamma,params_learning_rate,params_max_grad_norm,params_n_steps,params_vf_coef,state
0,,2025-05-11 14:04:57.074568,2025-05-11 14:05:14.475352,0 days 00:00:17.400784,4.9977784576020674e-05,0.8095416739323011,0.9826458299696554,4.544748574572917e-05,0.5197325220169615,1859,0.895741577216853,FAIL
1,,2025-05-11 14:06:58.622914,2025-05-11 14:07:00.339826,0 days 00:00:01.716912,4.2980611623820097e-08,0.9053713462056574,0.8395247075987511,0.0006525508996679032,0.4986940349575499,18,0.34680339995103554,FAIL
2,0.9811896918695983,2025-05-11 14:08:54.923386,2025-05-11 14:09:22.906267,0 days 00:00:27.982881,1.776272484181917e-08,0.9701810912166132,0.9155902130762013,0.0014745178730099582,0.8442324331184838,79,0.4223635875040622,COMPLETE
3,1.0,2025-05-11 14:09:22.923057,2025-05-11 14:09:48.412509,0 days 00:00:25.489452,4.836279517089642e-05,0.9802936760367755,0.8828742980615952,0.0032564489984112264,0.8892528880054389,6,0.30298812418711957,COMPLETE
4,0.7332876663000789,2025-05-11 14:09:48.446219,2025-05-11 14:10:26.922858,0 days 00:00:38.476639,1.1732458018958524e-08,0.9685296904308194,0.8103341809814315,0.0006725806862185464,0.801475837325879,837,0.6840378360319895,COMPLETE
5,,2025-05-11 14:10:26.948064,2025-05-11 14:10:36.597760,0 days 00:00:09.649696,0.0019503494551939655,0.9820989806664504,0.8138823109256765,0.0001153909023046467,0.5282983177149579,174,0.5259601684703733,FAIL
6,,2025-05-11 14:18:39.440611,,,7.174929260952246e-08,0.9358906732479325,0.8219921377997969,0.0010081572817234737,0.4391982487921864,285,0.21198475659714686,RUNNING
7,,2025-05-11 14:18:44.691422,2025-05-11 14:18:44.773107,0 days 00:00:00.081685,4.079820221708799e-06,0.9116732998140001,0.9042106278538001,0.0008322916763643025,0.5533633078537792,1001,0.43768815217898993,FAIL
8,,2025-05-11 14:22:39.872965,2025-05-11 14:23:14.148944,0 days 00:00:34.275979,4.4742422439966926e-07,0.8721293108927943,0.8547799183877455,0.003415818747443115,0.5747550203371208,22,0.364381263691122,FAIL
9,,2025-05-11 14:28:50.892806,,,2.6980746773275006e-08,0.9496754153507082,0.848602634792089,3.5649553533186434e-05,0.9544873565785357,61,0.15680398738658374,RUNNING
10,,2025-05-11 14:31:03.141098,2025-05-11 14:31:39.328209,0 days 00:00:36.187111,9.577786966832668e-06,0.9691358961633183,0.9113902011438351,8.604265464239775e-05,0.3944807090899247,948,0.6620937417936736,FAIL
11,1.0,2025-05-11 14:35:38.878061,2025-05-11 14:36:31.133489,0 days 00:00:52.255428,1.9864338385421243e-06,0.8064463161274675,0.8688444810057339,0.0037381180206700095,0.6932871391357869,46,0.9215140964243788,COMPLETE
12,1.0,2025-05-11 14:36:31.165319,2025-05-11 14:37:42.760441,0 days 00:01:11.595122,1.2783291156185174e-08,0.8750809658314816,0.8229261307959832,0.0004489404901212107,0.5414255369557858,358,0.2910910363585879,COMPLETE
13,,2025-05-11 14:37:42.817888,2025-05-11 14:38:10.766342,0 days 00:00:27.948454,2.2777079266290534e-07,0.9279116895494535,0.8001100594453247,1.7671238899678564e-05,0.49370383634224546,571,0.16628378902730998,FAIL
14,,2025-05-11 14:42:19.260054,2025-05-11 14:43:22.432268,0 days 00:01:03.172214,0.000619971507998881,0.8612034813082837,0.9778352815193919,0.0006106391429693252,0.5716873356761472,26,0.7781509468201021,FAIL
15,,2025-05-11 14:47:05.892163,2025-05-11 14:47:43.707567,0 days 00:00:37.815404,1.1213639785682542e-08,0.916350468229452,0.9343791468890149,0.004824645938431052,0.40941495630462066,18,0.9131541769896423,FAIL
16,,2025-05-11 14:48:55.958825,2025-05-11 14:49:37.892556,0 days 00:00:41.933731,0.000142309990399382,0.9244980167488126,0.8767512297550545,0.004980102812425004,0.7132828752600529,37,0.7411620390557492,FAIL
17,1.0,2025-05-11 14:52:47.358350,2025-05-11 14:53:43.716956,0 days 00:00:56.358606,0.0013759966275845757,0.8732655893899248,0.8432195093463442,3.735676899216728e-05,0.6157208149319238,179,0.6239857721165538,COMPLETE
18,,2025-05-11 14:53:43.748770,2025-05-11 14:55:11.292990,0 days 00:01:27.544220,0.00017873785235198776,0.8229457725309456,0.9245154334108453,9.962960113367057e-05,0.8516412282395553,1474,0.6141460505589939,FAIL
19,0.9908546957973302,2025-05-11 15:01:14.517956,2025-05-11 15:02:06.239917,0 days 00:00:51.721961,3.490378514714521e-06,0.8184176038305963,0.847569889750681,1.972181524881662e-05,0.48747172110488957,6,0.8589420825224813,COMPLETE
20,1.3737182071877456,2025-05-11 15:02:06.291972,2025-05-11 15:02:57.139651,0 days 00:00:50.847679,1.4338688812530291e-08,0.8932651064683932,0.8169193363531945,7.268436273243863e-05,0.46560524429688865,26,0.8395501331996506,COMPLETE
21,1.0,2025-05-11 15:02:57.175045,2025-05-11 15:03:51.308449,0 days 00:00:54.133404,6.614632125754756e-05,0.9184628579230916,0.8496917112018223,8.540373263021731e-05,0.36587452523003083,99,0.16682298796957507,COMPLETE
22,,2025-05-11 15:03:51.364115,2025-05-11 15:04:28.920025,0 days 00:00:37.555910,1.19599709800353e-07,0.9895250239523488,0.8155259366192685,4.6207496868231787e-05,0.5760395885559058,151,0.7023371401820473,FAIL
23,,2025-05-11 15:06:40.414466,,,0.005870384271862632,0.8563235531054837,0.9449622325893666,3.2948983768136205e-05,0.5295454953213999,10,0.8167992318680936,RUNNING
24,,2025-05-11 15:19:37.425444,,,6.706137296309355e-08,0.9471943756479455,0.8054302554501384,0.00025603106491758253,0.7888847620689424,55,0.7563506256934539,RUNNING
25,1.0,2025-05-11 15:20:08.643668,2025-05-11 15:20:52.114427,0 days 00:00:43.470759,0.0005327776938541933,0.984671925258404,0.8555386728070147,0.007861723244775807,0.3283070504970092,117,0.2724492816159326,COMPLETE
26,1.3787568167714066,2025-05-11 15:20:52.151822,2025-05-11 15:21:37.989517,0 days 00:00:45.837695,2.7537065089483735e-07,0.9119112512928644,0.9831301691926517,8.603582509594346e-05,0.4466393228219806,22,0.7997236244404522,COMPLETE
27,,2025-05-11 15:21:38.026421,2025-05-11 15:22:18.436943,0 days 00:00:40.410522,3.137653051965367e-07,0.9187435555995357,0.9749955158430024,0.00011615491297875736,0.46466381977759397,21,0.7746915155525488,FAIL
28,1.0383666654948933,2025-05-11 15:23:35.672264,2025-05-11 15:25:21.128742,0 days 00:01:45.456478,2.7146182709011174e-07,0.919775288795195,0.988255956623802,0.00011233669756631473,0.44944473308393706,25,0.7759894093241573,COMPLETE
29,1.0383666654948933,2025-05-11 15:25:21.166849,2025-05-11 15:27:08.341045,0 days 00:01:47.174196,1.6292862772296614e-07,0.8846380732676568,0.9323402320707355,0.00012878255458968475,0.4278613832033827,21,0.9814496448270835,COMPLETE
30,,2025-05-11 15:27:08.412192,,,1.8557901550869763e-07,0.9346032688638242,0.9743342917372356,1.255056281708728e-05,0.6005346225245246,17,0.7743701871314922,RUNNING
31,1.009250550844461,2025-05-11 15:32:36.411034,2025-05-11 15:34:08.956694,0 days 00:01:32.545660,2.0938901908446505e-07,0.932835207507503,0.9796012150935823,1.3116919953860405e-05,0.6085944428943553,15,0.7281414293580398,COMPLETE
32,,2025-05-11 15:34:09.001786,2025-05-11 15:34:51.202145,0 days 00:00:42.200359,1.0071728340548094e-07,0.8459984487013118,0.9537054263467337,4.555001466763311e-05,0.3025335603693251,12,0.5137684210318274,FAIL
33,1.3787568167714066,2025-05-11 15:47:59.056555,2025-05-11 15:49:25.284062,0 days 00:01:26.227507,1.0139247336761805e-07,0.836906024428823,0.9508846547571392,4.7391647945816285e-05,0.7183764620011719,13,0.5164864649666008,COMPLETE
34,1.3787568167714066,2025-05-11 15:49:25.323492,2025-05-11 15:50:52.068191,0 days 00:01:26.744699,9.930283036639958e-07,0.8385924393252859,0.9566962768336248,0.0002850296303651347,0.7313850096828812,12,0.5007820663517148,COMPLETE
35,1.00150277120974,2025-05-11 15:50:52.101609,2025-05-11 15:52:15.054128,0 days 00:01:22.952519,9.8513702447288e-08,0.8479681966629187,0.955033001191604,3.3436968627279286e-05,0.9637110227483975,45,0.5424000690651671,COMPLETE
36,1.3787568167714066,2025-05-11 15:52:15.092249,2025-05-11 15:53:42.330772,0 days 00:01:27.238523,1.3011452627030906e-05,0.9444143706002034,0.9574750604229896,0.00021175984801712758,0.755855780965133,11,0.43388197119132127,COMPLETE
37,1.3787568167714066,2025-05-11 15:53:42.378393,2025-05-11 15:55:08.806502,0 days 00:01:26.428109,6.645105178699353e-07,0.8586228411863445,0.9145800042539128,4.0600148016488034e-05,0.5636806714524573,5,0.6164175917944356,COMPLETE
38,1.0,2025-05-11 15:55:08.843734,2025-05-11 15:56:01.773703,0 days 00:00:52.929969,4.408611210215292e-08,0.8260645959621266,0.9712172739640647,0.0006273807965593343,0.6661562472322219,1821,0.4171806407869111,PRUNED
39,1.0,2025-05-11 15:56:01.797027,2025-05-11 15:56:53.907859,0 days 00:00:52.110832,8.200118649238952e-06,0.9060675581735639,0.9346233050305823,1.2204529662250525e-05,0.3777530255914639,45,0.628153853536741,PRUNED
40,1.3787568167714066,2025-05-11 15:56:53.937093,2025-05-11 15:58:21.999200,0 days 00:01:28.062107,2.1562919488055885e-06,0.8406088326545788,0.9553550280186772,0.00027232162191941566,0.7290938677857245,11,0.5533202452438334,COMPLETE
41,1.3787568167714066,2025-05-11 15:58:22.047676,2025-05-11 15:59:50.343494,0 days 00:01:28.295818,8.602016671736982e-07,0.8599029688645506,0.9367588710327249,0.000151068209220839,0.7637598979727358,10,0.5248556546782669,COMPLETE
42,1.010742598389629,2025-05-11 15:59:50.377973,2025-05-11 16:00:45.805815,0 days 00:00:55.427842,5.499440664646632e-07,0.8368933895957482,0.9722794768949494,5.870779544987687e-05,0.6565332096849799,18,0.5120288388256333,PRUNED
43,1.0,2025-05-11 16:00:45.821976,2025-05-11 16:01:39.766209,0 days 00:00:53.944233,6.871390852183971e-08,0.9477574874412473,0.910032356417208,0.0003246229020524645,0.9143149797363644,32,0.3802002696280652,PRUNED
44,1.3787568167714066,2025-05-11 16:01:39.780252,2025-05-11 16:03:06.056783,0 days 00:01:26.276531,0.009489973872012065,0.8078201536192926,0.989608978367325,2.459205740223186e-05,0.8200712890865671,7,0.7641834685397533,COMPLETE
45,1.3787568167714066,2025-05-11 16:03:06.112984,2025-05-11 16:04:34.048105,0 days 00:01:27.935121,4.7459604911517164e-08,0.9014149993606398,0.9462935884686208,5.373589943654393e-05,0.5485093996074111,14,0.47117803901906574,COMPLETE
46,1.0,2025-05-11 16:04:34.118460,2025-05-11 16:05:26.564046,0 days 00:00:52.445586,4.5349071162378916e-07,0.8632173446371458,0.9649098467043982,0.0001717508020079241,0.7038437439233899,9,0.34156128260373986,PRUNED
47,1.0412094876276512,2025-05-11 16:05:26.585563,2025-05-11 16:06:21.997439,0 days 00:00:55.411876,6.483223508449532e-06,0.8268252797851064,0.9002457663495514,0.0011456727032944434,0.30231050187171166,60,0.1848737291570911,PRUNED
48,1.0,2025-05-11 16:06:22.029555,2025-05-11 16:07:47.714967,0 days 00:01:25.685412,2.673601025869157e-05,0.8006227976937704,0.9218438700823683,0.0013380593660080606,0.8667312016333968,67,0.1047192090284742,COMPLETE
49,1.3787568167714066,2025-05-11 16:07:47.734913,2025-05-11 16:09:14.991731,0 days 00:01:27.256818,3.736613541407625e-08,0.8834718264103762,0.9495952215469484,8.632604126737075e-05,0.6068196729583061,172,0.6807048789009382,COMPLETE
50,1.3787568167714066,2025-05-11 16:09:15.035251,2025-05-11 16:10:43.179300,0 days 00:01:28.144049,1.8263612670908033e-05,0.9426566810985462,0.9663616229277273,0.0002415504233654125,0.7710804335208404,10,0.455233656619057,COMPLETE
51,1.3787568167714066,2025-05-11 16:10:43.223836,2025-05-11 16:12:14.085640,0 days 00:01:30.861804,0.0001473435939423617,0.9546763773956828,0.95950546516371,0.00021335632442842135,0.7436988374095475,16,0.39762192313863526,COMPLETE
52,1.0,2025-05-11 16:12:14.118223,2025-05-11 16:13:08.349177,0 days 00:00:54.230954,1.244535480946956e-06,0.9699229247668578,0.9415445726687535,0.0003478769024057964,0.8041038004536106,31,0.481926482073094,PRUNED
